<?xml version="1.0" encoding="UTF-8"?>
<testng-results ignored="0" total="2" passed="2" failed="0" skipped="0">
  <reporter-output>
  </reporter-output>
  <suite started-at="2023-07-23T17:57:27 EDT" name="Default suite" finished-at="2023-07-23T17:57:35 EDT" duration-ms="7959">
    <groups>
      <group name="cucumber">
        <method signature="AbstractTestNGCucumberTests.runScenario(io.cucumber.testng.PickleWrapper,io.cucumber.testng.FeatureWrapper)[pri:0, instance:testrunner.testRunner$TestRunner@40ef3420]" name="runScenario" class="io.cucumber.testng.AbstractTestNGCucumberTests"/>
      </group> <!-- cucumber -->
    </groups>
    <test started-at="2023-07-23T17:57:27 EDT" name="Default test" finished-at="2023-07-23T17:57:35 EDT" duration-ms="7959">
      <class name="testrunner.testRunner$TestRunner">
        <test-method is-config="true" signature="setUpClass(org.testng.ITestContext)[pri:0, instance:testrunner.testRunner$TestRunner@40ef3420]" started-at="2023-07-23T17:57:27 EDT" name="setUpClass" finished-at="2023-07-23T17:57:28 EDT" duration-ms="348" status="PASS">
          <params>
            <param index="0">
              <value>
                <![CDATA[org.testng.TestRunner@7ba1cdbe]]>
              </value>
            </param>
          </params>
          <reporter-output>
          </reporter-output>
        </test-method> <!-- setUpClass -->
        <test-method signature="runScenario(io.cucumber.testng.PickleWrapper,io.cucumber.testng.FeatureWrapper)[pri:0, instance:testrunner.testRunner$TestRunner@40ef3420]" started-at="2023-07-23T17:57:28 EDT" name="runScenario" description="Runs Cucumber Scenarios" data-provider="scenarios" finished-at="2023-07-23T17:57:35 EDT" duration-ms="7069" status="PASS">
          <params>
            <param index="0">
              <value>
                <![CDATA["check if user able to create a program with valid endpoint and request body"]]>
              </value>
            </param>
            <param index="1">
              <value>
                <![CDATA["post request of all modules"]]>
              </value>
            </param>
          </params>
          <reporter-output>
          </reporter-output>
        </test-method> <!-- runScenario -->
        <test-method signature="runScenario(io.cucumber.testng.PickleWrapper,io.cucumber.testng.FeatureWrapper)[pri:0, instance:testrunner.testRunner$TestRunner@40ef3420]" started-at="2023-07-23T17:57:35 EDT" name="runScenario" description="Runs Cucumber Scenarios" data-provider="scenarios" finished-at="2023-07-23T17:57:35 EDT" duration-ms="459" status="PASS">
          <params>
            <param index="0">
              <value>
                <![CDATA["check if user able to create a batch with valid endpoint and request body"]]>
              </value>
            </param>
            <param index="1">
              <value>
                <![CDATA["post request of all modules"]]>
              </value>
            </param>
          </params>
          <reporter-output>
          </reporter-output>
        </test-method> <!-- runScenario -->
        <test-method is-config="true" signature="tearDownClass()[pri:0, instance:testrunner.testRunner$TestRunner@40ef3420]" started-at="2023-07-23T17:57:35 EDT" name="tearDownClass" finished-at="2023-07-23T17:57:35 EDT" duration-ms="12" status="PASS">
          <reporter-output>
          </reporter-output>
        </test-method> <!-- tearDownClass -->
      </class> <!-- testrunner.testRunner$TestRunner -->
    </test> <!-- Default test -->
  </suite> <!-- Default suite -->
</testng-results>
