<?xml version="1.0" encoding="UTF-8"?>
<testng-results ignored="0" total="8" passed="8" failed="0" skipped="0">
  <reporter-output>
  </reporter-output>
  <suite started-at="2023-07-24T19:40:15 EDT" name="Default suite" finished-at="2023-07-24T19:40:25 EDT" duration-ms="10156">
    <groups>
      <group name="cucumber">
        <method signature="AbstractTestNGCucumberTests.runScenario(io.cucumber.testng.PickleWrapper,io.cucumber.testng.FeatureWrapper)[pri:0, instance:testrunner.testRunner$TestRunner@6e171cd7]" name="runScenario" class="io.cucumber.testng.AbstractTestNGCucumberTests"/>
      </group> <!-- cucumber -->
    </groups>
    <test started-at="2023-07-24T19:40:15 EDT" name="Default test" finished-at="2023-07-24T19:40:25 EDT" duration-ms="10156">
      <class name="testrunner.testRunner$TestRunner">
        <test-method is-config="true" signature="setUpClass(org.testng.ITestContext)[pri:0, instance:testrunner.testRunner$TestRunner@6e171cd7]" started-at="2023-07-24T19:40:15 EDT" name="setUpClass" finished-at="2023-07-24T19:40:15 EDT" duration-ms="375" status="PASS">
          <params>
            <param index="0">
              <value>
                <![CDATA[org.testng.TestRunner@27ec0d06]]>
              </value>
            </param>
          </params>
          <reporter-output>
          </reporter-output>
        </test-method> <!-- setUpClass -->
        <test-method signature="runScenario(io.cucumber.testng.PickleWrapper,io.cucumber.testng.FeatureWrapper)[pri:0, instance:testrunner.testRunner$TestRunner@6e171cd7]" started-at="2023-07-24T19:40:16 EDT" name="runScenario" description="Runs Cucumber Scenarios" data-provider="scenarios" finished-at="2023-07-24T19:40:22 EDT" duration-ms="6417" status="PASS">
          <params>
            <param index="0">
              <value>
                <![CDATA["check if user able to create a program with valid endpoint and request body"]]>
              </value>
            </param>
            <param index="1">
              <value>
                <![CDATA["post request of all modules"]]>
              </value>
            </param>
          </params>
          <reporter-output>
          </reporter-output>
        </test-method> <!-- runScenario -->
        <test-method signature="runScenario(io.cucumber.testng.PickleWrapper,io.cucumber.testng.FeatureWrapper)[pri:0, instance:testrunner.testRunner$TestRunner@6e171cd7]" started-at="2023-07-24T19:40:22 EDT" name="runScenario" description="Runs Cucumber Scenarios" data-provider="scenarios" finished-at="2023-07-24T19:40:23 EDT" duration-ms="666" status="PASS">
          <params>
            <param index="0">
              <value>
                <![CDATA["check if user able to create a batch with valid endpoint and request body"]]>
              </value>
            </param>
            <param index="1">
              <value>
                <![CDATA["post request of all modules"]]>
              </value>
            </param>
          </params>
          <reporter-output>
          </reporter-output>
        </test-method> <!-- runScenario -->
        <test-method signature="runScenario(io.cucumber.testng.PickleWrapper,io.cucumber.testng.FeatureWrapper)[pri:0, instance:testrunner.testRunner$TestRunner@6e171cd7]" started-at="2023-07-24T19:40:23 EDT" name="runScenario" description="Runs Cucumber Scenarios" data-provider="scenarios" finished-at="2023-07-24T19:40:23 EDT" duration-ms="574" status="PASS">
          <params>
            <param index="0">
              <value>
                <![CDATA["check if user able to create a new user with valid endpoint and request body"]]>
              </value>
            </param>
            <param index="1">
              <value>
                <![CDATA["post request of all modules"]]>
              </value>
            </param>
          </params>
          <reporter-output>
          </reporter-output>
        </test-method> <!-- runScenario -->
        <test-method signature="runScenario(io.cucumber.testng.PickleWrapper,io.cucumber.testng.FeatureWrapper)[pri:0, instance:testrunner.testRunner$TestRunner@6e171cd7]" started-at="2023-07-24T19:40:23 EDT" name="runScenario" description="Runs Cucumber Scenarios" data-provider="scenarios" finished-at="2023-07-24T19:40:24 EDT" duration-ms="687" status="PASS">
          <params>
            <param index="0">
              <value>
                <![CDATA["check if user able to add a record with valid endpoint and request body"]]>
              </value>
            </param>
            <param index="1">
              <value>
                <![CDATA["post request of all modules"]]>
              </value>
            </param>
          </params>
          <reporter-output>
          </reporter-output>
        </test-method> <!-- runScenario -->
        <test-method signature="runScenario(io.cucumber.testng.PickleWrapper,io.cucumber.testng.FeatureWrapper)[pri:0, instance:testrunner.testRunner$TestRunner@6e171cd7]" started-at="2023-07-24T19:40:24 EDT" name="runScenario" description="Runs Cucumber Scenarios" data-provider="scenarios" finished-at="2023-07-24T19:40:24 EDT" duration-ms="321" status="PASS">
          <params>
            <param index="0">
              <value>
                <![CDATA["check if user able to create a program with existing program name"]]>
              </value>
            </param>
            <param index="1">
              <value>
                <![CDATA["Program Post Negative Scenarios"]]>
              </value>
            </param>
          </params>
          <reporter-output>
          </reporter-output>
        </test-method> <!-- runScenario -->
        <test-method signature="runScenario(io.cucumber.testng.PickleWrapper,io.cucumber.testng.FeatureWrapper)[pri:0, instance:testrunner.testRunner$TestRunner@6e171cd7]" started-at="2023-07-24T19:40:24 EDT" name="runScenario" description="Runs Cucumber Scenarios" data-provider="scenarios" finished-at="2023-07-24T19:40:25 EDT" duration-ms="319" status="PASS">
          <params>
            <param index="0">
              <value>
                <![CDATA["check if user able to create a program with missing field"]]>
              </value>
            </param>
            <param index="1">
              <value>
                <![CDATA["Program Post Negative Scenarios"]]>
              </value>
            </param>
          </params>
          <reporter-output>
          </reporter-output>
        </test-method> <!-- runScenario -->
        <test-method signature="runScenario(io.cucumber.testng.PickleWrapper,io.cucumber.testng.FeatureWrapper)[pri:0, instance:testrunner.testRunner$TestRunner@6e171cd7]" started-at="2023-07-24T19:40:25 EDT" name="runScenario" description="Runs Cucumber Scenarios" data-provider="scenarios" finished-at="2023-07-24T19:40:25 EDT" duration-ms="344" status="PASS">
          <params>
            <param index="0">
              <value>
                <![CDATA["check if user able to create a program with existing batch name"]]>
              </value>
            </param>
            <param index="1">
              <value>
                <![CDATA["Batch Post Negative Scenarios"]]>
              </value>
            </param>
          </params>
          <reporter-output>
          </reporter-output>
        </test-method> <!-- runScenario -->
        <test-method signature="runScenario(io.cucumber.testng.PickleWrapper,io.cucumber.testng.FeatureWrapper)[pri:0, instance:testrunner.testRunner$TestRunner@6e171cd7]" started-at="2023-07-24T19:40:25 EDT" name="runScenario" description="Runs Cucumber Scenarios" data-provider="scenarios" finished-at="2023-07-24T19:40:25 EDT" duration-ms="310" status="PASS">
          <params>
            <param index="0">
              <value>
                <![CDATA["check if user able to create a program with missing field"]]>
              </value>
            </param>
            <param index="1">
              <value>
                <![CDATA["Batch Post Negative Scenarios"]]>
              </value>
            </param>
          </params>
          <reporter-output>
          </reporter-output>
        </test-method> <!-- runScenario -->
        <test-method is-config="true" signature="tearDownClass()[pri:0, instance:testrunner.testRunner$TestRunner@6e171cd7]" started-at="2023-07-24T19:40:25 EDT" name="tearDownClass" finished-at="2023-07-24T19:40:25 EDT" duration-ms="11" status="PASS">
          <reporter-output>
          </reporter-output>
        </test-method> <!-- tearDownClass -->
      </class> <!-- testrunner.testRunner$TestRunner -->
    </test> <!-- Default test -->
  </suite> <!-- Default suite -->
</testng-results>
